# Logfile created on 2017-11-05 13:36:20 -0400 by logger.rb/56815
D, [2017-11-05T13:36:20.510621 #3792] DEBUG -- : REQUESTING PAGE: GET / with {} and HTTP headers {}
D, [2017-11-05T13:36:20.782395 #3792] DEBUG -- : REQUESTING PAGE: GET / with {} and HTTP headers {}
D, [2017-11-05T13:39:45.005664 #2424] DEBUG -- : REQUESTING PAGE: GET / with {} and HTTP headers {}
D, [2017-11-05T13:39:45.055480 #2424] DEBUG -- : REQUESTING PAGE: GET / with {} and HTTP headers {}
D, [2017-11-05T13:39:45.076939 #2424] DEBUG -- : REQUESTING PAGE: POST /jugar with {} and HTTP headers {"HTTP_REFERER"=>"/"}
D, [2017-11-05T13:39:45.126783 #2424] DEBUG -- : REQUESTING PAGE: GET /jugar with {} and HTTP headers {"HTTP_REFERER"=>"/jugar"}
D, [2017-11-05T13:45:05.797088 #5656] DEBUG -- : REQUESTING PAGE: GET / with {} and HTTP headers {}
D, [2017-11-05T13:45:05.848115 #5656] DEBUG -- : REQUESTING PAGE: GET / with {} and HTTP headers {}
D, [2017-11-05T13:45:05.851858 #5656] DEBUG -- : REQUESTING PAGE: GET /jugar with {} and HTTP headers {"HTTP_REFERER"=>"/"}
D, [2017-11-05T13:45:05.854864 #5656] DEBUG -- : REQUESTING PAGE: GET /jugar with {} and HTTP headers {"HTTP_REFERER"=>"/jugar"}
D, [2017-11-05T14:13:16.204060 #4480] DEBUG -- : REQUESTING PAGE: GET / with {} and HTTP headers {}
D, [2017-11-05T14:13:16.250940 #4480] DEBUG -- : REQUESTING PAGE: GET / with {} and HTTP headers {}
D, [2017-11-05T14:13:16.250940 #4480] DEBUG -- : REQUESTING PAGE: GET /jugar with {} and HTTP headers {"HTTP_REFERER"=>"/"}
D, [2017-11-05T14:13:16.250940 #4480] DEBUG -- : REQUESTING PAGE: GET /jugar with {} and HTTP headers {"HTTP_REFERER"=>"/jugar"}
D, [2017-11-05T14:17:48.521576 #17224] DEBUG -- : REQUESTING PAGE: GET / with {} and HTTP headers {}
D, [2017-11-05T14:17:48.565195 #17224] DEBUG -- : REQUESTING PAGE: GET / with {} and HTTP headers {}
D, [2017-11-05T14:17:48.568462 #17224] DEBUG -- : REQUESTING PAGE: GET /jugar with {} and HTTP headers {"HTTP_REFERER"=>"/"}
D, [2017-11-05T14:17:48.570470 #17224] DEBUG -- : REQUESTING PAGE: GET /jugar with {} and HTTP headers {"HTTP_REFERER"=>"/jugar"}
D, [2017-11-05T14:18:23.455656 #17056] DEBUG -- : REQUESTING PAGE: GET / with {} and HTTP headers {}
D, [2017-11-05T14:18:23.504786 #17056] DEBUG -- : REQUESTING PAGE: GET / with {} and HTTP headers {}
D, [2017-11-05T14:18:23.507792 #17056] DEBUG -- : REQUESTING PAGE: GET /jugar with {} and HTTP headers {"HTTP_REFERER"=>"/"}
D, [2017-11-05T14:18:23.509798 #17056] DEBUG -- : REQUESTING PAGE: GET /jugar with {} and HTTP headers {"HTTP_REFERER"=>"/jugar"}
D, [2017-11-05T14:18:23.513809 #17056] DEBUG -- : REQUESTING PAGE: GET /jugar with {} and HTTP headers {}
D, [2017-11-05T17:48:53.407201 #14856] DEBUG -- : REQUESTING PAGE: GET / with {} and HTTP headers {}
D, [2017-11-05T17:48:53.460342 #14856] DEBUG -- : REQUESTING PAGE: GET / with {} and HTTP headers {}
D, [2017-11-05T17:48:53.463563 #14856] DEBUG -- : REQUESTING PAGE: GET /jugar with {} and HTTP headers {"HTTP_REFERER"=>"/"}
D, [2017-11-05T17:48:53.467573 #14856] DEBUG -- : REQUESTING PAGE: GET /jugar with {} and HTTP headers {"HTTP_REFERER"=>"/jugar"}
D, [2017-11-05T17:48:53.470992 #14856] DEBUG -- : REQUESTING PAGE: GET /jugar with {} and HTTP headers {}
D, [2017-11-05T18:02:42.476458 #1224] DEBUG -- : REQUESTING PAGE: GET / with {} and HTTP headers {}
D, [2017-11-05T18:02:42.522564 #1224] DEBUG -- : REQUESTING PAGE: GET / with {} and HTTP headers {}
D, [2017-11-05T18:02:42.525644 #1224] DEBUG -- : REQUESTING PAGE: GET /views/VentanaJuego with {} and HTTP headers {"HTTP_REFERER"=>"/"}
D, [2017-11-05T18:02:42.529655 #1224] DEBUG -- : REQUESTING PAGE: GET /jugar with {} and HTTP headers {"HTTP_REFERER"=>"/views/VentanaJuego"}
D, [2017-11-05T18:02:42.533163 #1224] DEBUG -- : REQUESTING PAGE: GET /jugar with {} and HTTP headers {}
